2017-06-22T06:30:07+00:00 - MERGED:
 - jquery-form - http://www.trustylabs.mg/wp-content/plugins/contact-form-7/includes/js/jquery.form.min.js - unminified version used
 - contact-form-7 - http://www.trustylabs.mg/wp-content/plugins/contact-form-7/includes/js/scripts.js
 - ninzio-projects-ajax - http://www.trustylabs.mg/wp-content/plugins/ninzio-addons/js/ninzio-projects-ajax.js
 - wc-add-to-cart - //www.trustylabs.mg/wp-content/plugins/woocommerce/assets/js/frontend/add-to-cart.min.js - unminified version used
 - jquery-blockui - //www.trustylabs.mg/wp-content/plugins/woocommerce/assets/js/jquery-blockui/jquery.blockUI.min.js - unminified version used
 - woocommerce - //www.trustylabs.mg/wp-content/plugins/woocommerce/assets/js/frontend/woocommerce.min.js - unminified version used
 - jquery-cookie - //www.trustylabs.mg/wp-content/plugins/woocommerce/assets/js/jquery-cookie/jquery.cookie.min.js - unminified version used
 - wc-cart-fragments - //www.trustylabs.mg/wp-content/plugins/woocommerce/assets/js/frontend/cart-fragments.min.js - unminified version used
 - smoothscroll - http://www.trustylabs.mg/wp-content/themes/montserrat/js/smoothscroll.js
 - masonry - /wp-includes/js/masonry.min.js
 - shuffle - http://www.trustylabs.mg/wp-content/themes/montserrat/js/jquery.shuffle.js
 - controller - http://www.trustylabs.mg/wp-content/themes/montserrat/js/controller.js
 - montserrat-contact-form - http://www.trustylabs.mg/wp-content/themes/montserrat/js/montserrat-contact-form.js
 - wp-embed - /wp-includes/js/wp-embed.min.js - unminified version used
 - sitepress - http://www.trustylabs.mg/wp-content/plugins/sitepress-multilingual-cms/res/js/sitepress.js
 - simple-job-board-validate-telephone-input - http://www.trustylabs.mg/wp-content/plugins/simple-job-board/public/js/intlTelInput.min.js
 - simple-job-board-validate-telephone-input-utiliy - http://www.trustylabs.mg/wp-content/plugins/simple-job-board/public/js/intlTelInput-utils.js
 - jquery-ui-core - /wp-includes/js/jquery/ui/core.min.js
 - jquery-ui-datepicker - /wp-includes/js/jquery/ui/datepicker.min.js
 - simple-job-board-front-end - http://www.trustylabs.mg/wp-content/plugins/simple-job-board/public/js/simple-job-board-public.js
